#
# A fatal error has been detected by the Java Runtime Environment:
#
#  Internal Error (classFileParser.cpp:3494), pid=4396, tid=1060
#  Error: ShouldNotReachHere()
#
# JRE version: 6.0_29-b11
# Java VM: Java HotSpot(TM) Client VM (20.4-b02 mixed mode windows-x86 )
# If you would like to submit a bug report, please visit:
#   http://java.sun.com/webapps/bugreport/crash.jsp
#

---------------  T H R E A D  ---------------

Current thread (0x02049800):  JavaThread "Unknown thread" [_thread_in_vm, id=1060, stack(0x00390000,0x003e0000)]

Stack: [0x00390000,0x003e0000],  sp=0x003df86c,  free space=318k
Native frames: (J=compiled Java code, j=interpreted, Vv=VM code, C=native code)
V  [jvm.dll+0x1335ba]
V  [jvm.dll+0x12e56b]
V  [jvm.dll+0x1639e]
V  [jvm.dll+0x17bdf]
V  [jvm.dll+0x26cc5]
V  [jvm.dll+0x27506]
V  [jvm.dll+0x278b5]
V  [jvm.dll+0x27949]
V  [jvm.dll+0x27a0c]
V  [jvm.dll+0x27a8a]
V  [jvm.dll+0x27b6d]
V  [jvm.dll+0x27e39]
V  [jvm.dll+0x6c383]
V  [jvm.dll+0x6c75c]
V  [jvm.dll+0xf9b4c]
V  [jvm.dll+0x11848b]
V  [jvm.dll+0x9eb60]
C  [javaw.exe+0x1657]
C  [javaw.exe+0x1e2c]
C  [javaw.exe+0x8614]
C  [kernel32.dll+0x1339a]  BaseThreadInitThunk+0x12
C  [ntdll.dll+0x39ed2]  RtlInitializeExceptionChain+0x63
C  [ntdll.dll+0x39ea5]  RtlInitializeExceptionChain+0x36


---------------  P R O C E S S  ---------------

Java Threads: ( => current thread )

Other Threads:

=>0x02049800 (exited) JavaThread "Unknown thread" [_thread_in_vm, id=1060, stack(0x00390000,0x003e0000)]

VM state:not at safepoint (not fully initialized)

VM Mutex/Monitor currently owned by a thread: None

Dynamic libraries:
0x00400000 - 0x00424000 	C:\Program Files (x86)\Java\jre6\bin\javaw.exe
0x77450000 - 0x775d0000 	C:\Windows\SysWOW64\ntdll.dll
0x76490000 - 0x765a0000 	C:\Windows\syswow64\kernel32.dll
0x76bf0000 - 0x76c36000 	C:\Windows\syswow64\KERNELBASE.dll
0x76ec0000 - 0x76f60000 	C:\Windows\syswow64\ADVAPI32.dll
0x75ff0000 - 0x7609c000 	C:\Windows\syswow64\msvcrt.dll
0x76760000 - 0x76779000 	C:\Windows\SysWOW64\sechost.dll
0x76f60000 - 0x77050000 	C:\Windows\syswow64\RPCRT4.dll
0x74fb0000 - 0x75010000 	C:\Windows\syswow64\SspiCli.dll
0x74fa0000 - 0x74fac000 	C:\Windows\syswow64\CRYPTBASE.dll
0x765a0000 - 0x766a0000 	C:\Windows\syswow64\USER32.dll
0x75cd0000 - 0x75d60000 	C:\Windows\syswow64\GDI32.dll
0x77420000 - 0x7742a000 	C:\Windows\syswow64\LPK.dll
0x75d60000 - 0x75dfd000 	C:\Windows\syswow64\USP10.dll
0x766b0000 - 0x76710000 	C:\Windows\system32\IMM32.DLL
0x76850000 - 0x7691c000 	C:\Windows\syswow64\MSCTF.dll
0x7c340000 - 0x7c396000 	C:\Program Files (x86)\Java\jre6\bin\msvcr71.dll
0x6d7f0000 - 0x6da9f000 	C:\Program Files (x86)\Java\jre6\bin\client\jvm.dll
0x72a00000 - 0x72a32000 	C:\Windows\system32\WINMM.dll
0x72c90000 - 0x72cdc000 	C:\Windows\system32\apphelp.dll
0x6d7a0000 - 0x6d7ac000 	C:\Program Files (x86)\Java\jre6\bin\verify.dll
0x6d320000 - 0x6d33f000 	C:\Program Files (x86)\Java\jre6\bin\java.dll
0x6d7e0000 - 0x6d7ef000 	C:\Program Files (x86)\Java\jre6\bin\zip.dll
0x762e0000 - 0x762e5000 	C:\Windows\system32\PSAPI.DLL

VM Arguments:
jvm_args: -Dfile.encoding=Cp1252 -Xbootclasspath:C:\Users\Li Ji\Downloads\Software\eclipse-jee-galileo-SR2-win32\android-sdk_r10-windows\android-sdk-windows\platforms\android-10\android.jar 
java_command: twitter4j.Version
Launcher Type: SUN_STANDARD

Environment Variables:
CLASSPATH=.;C:\Program Files (x86)\Java\jre6\lib\ext\QTJava.zip
PATH=C:/Program Files (x86)/Java/jre6/bin/client;C:/Program Files (x86)/Java/jre6/bin;C:\Users\Li Ji\Downloads\Software\eclipse-jee-galileo-SR2-win32\android-sdk_r10-windows\android-sdk-windows\platform-tools;C:\Program Files (x86)\Java\jre6\bin;C:\Program Files (x86)\Windows Live\Shared;C:\Program Files\TortoiseSVN\bin;C:\Program Files (x86)\Common Files\Thunder Network\KanKan\Codecs;C:\Program Files (x86)\Git\bin\;C:\Program Files (x86)\QuickTime\QTSystem\
USERNAME=Li Ji
OS=Windows_NT
PROCESSOR_IDENTIFIER=Intel64 Family 6 Model 30 Stepping 5, GenuineIntel



---------------  S Y S T E M  ---------------

OS: Windows 7 , 64 bit Build 7601 Service Pack 1

CPU:total 8 (4 cores per cpu, 2 threads per core) family 6 model 30 stepping 5, cmov, cx8, fxsr, mmx, sse, sse2, sse3, ssse3, sse4.1, sse4.2, popcnt, ht

Memory: 4k page, physical 4127280k(1727992k free), swap 8252712k(4264808k free)

vm_info: Java HotSpot(TM) Client VM (20.4-b02) for windows-x86 JRE (1.6.0_29-b11), built on Oct  3 2011 01:01:08 by "java_re" with MS VC++ 7.1 (VS2003)

time: Mon Dec 26 23:07:34 2011
elapsed time: 0 seconds

